[0m17:40:44.844563 [debug] [MainThread]: Sending event: {'category': 'dbt', 'action': 'invocation', 'label': 'start', 'context': [<snowplow_tracker.self_describing_json.SelfDescribingJson object at 0x7f1fc5baf2d0>, <snowplow_tracker.self_describing_json.SelfDescribingJson object at 0x7f1fc5ba7d90>, <snowplow_tracker.self_describing_json.SelfDescribingJson object at 0x7f1fc5eb2450>]}


============================== 17:40:44.852173 | 0c7d9056-3121-431d-839a-2e6c1a5d26ea ==============================
[0m17:40:44.852173 [info ] [MainThread]: Running with dbt=1.8.5
[0m17:40:44.853770 [debug] [MainThread]: running dbt with arguments {'printer_width': '80', 'indirect_selection': 'eager', 'log_cache_events': 'False', 'write_json': 'True', 'partial_parse': 'True', 'cache_selected_only': 'False', 'profiles_dir': '/home/laura/.dbt', 'debug': 'False', 'fail_fast': 'False', 'log_path': 'logs', 'version_check': 'True', 'warn_error': 'None', 'use_colors': 'True', 'use_experimental_parser': 'False', 'no_print': 'None', 'quiet': 'False', 'empty': 'None', 'log_format': 'default', 'introspect': 'True', 'static_parser': 'True', 'warn_error_options': 'WarnErrorOptions(include=[], exclude=[])', 'target_path': 'None', 'invocation_command': 'dbt init hdx_dbt', 'send_anonymous_usage_stats': 'True'}
[0m17:40:44.878438 [warn ] [MainThread]: [ConfigFolderDirectory]: Unable to parse dict {'dir': PosixPath('/home/laura/.dbt')}
[0m17:40:44.879197 [info ] [MainThread]: Creating dbt configuration folder at 
[0m17:40:44.885105 [debug] [MainThread]: Starter project path: /home/laura/miniconda3/envs/jiwoni/lib/python3.11/site-packages/dbt/include/starter_project
[0m17:40:44.893834 [info ] [MainThread]: 
Your new dbt project "hdx_dbt" was created!

For more information on how to configure the profiles.yml file,
please consult the dbt documentation here:

  https://docs.getdbt.com/docs/configure-your-profile

One more thing:

Need help? Don't hesitate to reach out to us via GitHub issues or on Slack:

  https://community.getdbt.com/

Happy modeling!

[0m17:40:44.894467 [info ] [MainThread]: Setting up your profile.
[0m17:41:30.474765 [info ] [MainThread]: Profile hdx_dbt written to /home/laura/.dbt/profiles.yml using target's profile_template.yml and your supplied values. Run 'dbt debug' to validate the connection.
[0m17:41:30.492476 [debug] [MainThread]: Resource report: {"command_name": "init", "command_success": true, "command_wall_clock_time": 45.748215, "process_user_time": 1.437668, "process_kernel_time": 1.199709, "process_mem_max_rss": "95440", "process_in_blocks": "18496", "process_out_blocks": "80"}
[0m17:41:30.493356 [debug] [MainThread]: Command `dbt init` succeeded at 17:41:30.493210 after 45.75 seconds
[0m17:41:30.494004 [debug] [MainThread]: Sending event: {'category': 'dbt', 'action': 'invocation', 'label': 'end', 'context': [<snowplow_tracker.self_describing_json.SelfDescribingJson object at 0x7f1fc96ffe50>, <snowplow_tracker.self_describing_json.SelfDescribingJson object at 0x7f1fc963f590>, <snowplow_tracker.self_describing_json.SelfDescribingJson object at 0x7f1fc5d3d810>]}
[0m17:41:30.494668 [debug] [MainThread]: Flushing usage events
[0m17:41:39.618511 [debug] [MainThread]: Sending event: {'category': 'dbt', 'action': 'invocation', 'label': 'start', 'context': [<snowplow_tracker.self_describing_json.SelfDescribingJson object at 0x7f5108ec9750>, <snowplow_tracker.self_describing_json.SelfDescribingJson object at 0x7f510906d450>, <snowplow_tracker.self_describing_json.SelfDescribingJson object at 0x7f510a1f8590>]}


============================== 17:41:39.621199 | 06ae08b6-d22f-4951-b57f-9e3f4d5d16e1 ==============================
[0m17:41:39.621199 [info ] [MainThread]: Running with dbt=1.8.5
[0m17:41:39.621912 [debug] [MainThread]: running dbt with arguments {'printer_width': '80', 'indirect_selection': 'eager', 'log_cache_events': 'False', 'write_json': 'True', 'partial_parse': 'True', 'cache_selected_only': 'False', 'profiles_dir': '/home/laura/.dbt', 'fail_fast': 'False', 'version_check': 'True', 'log_path': 'logs', 'warn_error': 'None', 'debug': 'False', 'use_colors': 'True', 'use_experimental_parser': 'False', 'no_print': 'None', 'quiet': 'False', 'empty': 'None', 'warn_error_options': 'WarnErrorOptions(include=[], exclude=[])', 'introspect': 'True', 'log_format': 'default', 'static_parser': 'True', 'target_path': 'None', 'invocation_command': 'dbt debug', 'send_anonymous_usage_stats': 'True'}
[0m17:41:39.631655 [info ] [MainThread]: dbt version: 1.8.5
[0m17:41:39.632270 [info ] [MainThread]: python version: 3.11.5
[0m17:41:39.632699 [info ] [MainThread]: python path: /home/laura/miniconda3/envs/jiwoni/bin/python
[0m17:41:39.633099 [info ] [MainThread]: os info: Linux-5.15.153.1-microsoft-standard-WSL2-x86_64-with-glibc2.35
[0m17:41:39.690369 [info ] [MainThread]: Using profiles dir at /home/laura/.dbt
[0m17:41:39.691136 [info ] [MainThread]: Using profiles.yml file at /home/laura/.dbt/profiles.yml
[0m17:41:39.691795 [info ] [MainThread]: Using dbt_project.yml file at /home/laura/dev-wsl/hdx-dw/hdx_dbt/dbt_project.yml
[0m17:41:39.692398 [info ] [MainThread]: adapter type: postgres
[0m17:41:39.692822 [info ] [MainThread]: adapter version: 1.8.2
[0m17:41:39.693264 [info ] [MainThread]: Configuration:
[0m17:41:39.693655 [info ] [MainThread]:   profiles.yml file [[32mOK found and valid[0m]
[0m17:41:39.694037 [info ] [MainThread]:   dbt_project.yml file [[31mERROR not found[0m]
[0m17:41:39.694409 [info ] [MainThread]: Required dependencies:
[0m17:41:39.694834 [debug] [MainThread]: Executing "git --help"
[0m17:41:39.698922 [debug] [MainThread]: STDOUT: "b"usage: git [--version] [--help] [-C <path>] [-c <name>=<value>]\n           [--exec-path[=<path>]] [--html-path] [--man-path] [--info-path]\n           [-p | --paginate | -P | --no-pager] [--no-replace-objects] [--bare]\n           [--git-dir=<path>] [--work-tree=<path>] [--namespace=<name>]\n           [--super-prefix=<path>] [--config-env=<name>=<envvar>]\n           <command> [<args>]\n\nThese are common Git commands used in various situations:\n\nstart a working area (see also: git help tutorial)\n   clone     Clone a repository into a new directory\n   init      Create an empty Git repository or reinitialize an existing one\n\nwork on the current change (see also: git help everyday)\n   add       Add file contents to the index\n   mv        Move or rename a file, a directory, or a symlink\n   restore   Restore working tree files\n   rm        Remove files from the working tree and from the index\n\nexamine the history and state (see also: git help revisions)\n   bisect    Use binary search to find the commit that introduced a bug\n   diff      Show changes between commits, commit and working tree, etc\n   grep      Print lines matching a pattern\n   log       Show commit logs\n   show      Show various types of objects\n   status    Show the working tree status\n\ngrow, mark and tweak your common history\n   branch    List, create, or delete branches\n   commit    Record changes to the repository\n   merge     Join two or more development histories together\n   rebase    Reapply commits on top of another base tip\n   reset     Reset current HEAD to the specified state\n   switch    Switch branches\n   tag       Create, list, delete or verify a tag object signed with GPG\n\ncollaborate (see also: git help workflows)\n   fetch     Download objects and refs from another repository\n   pull      Fetch from and integrate with another repository or a local branch\n   push      Update remote refs along with associated objects\n\n'git help -a' and 'git help -g' list available subcommands and some\nconcept guides. See 'git help <command>' or 'git help <concept>'\nto read about a specific subcommand or concept.\nSee 'git help git' for an overview of the system.\n""
[0m17:41:39.699670 [debug] [MainThread]: STDERR: "b''"
[0m17:41:39.700672 [info ] [MainThread]:  - git [[32mOK found[0m]

[0m17:41:39.701442 [info ] [MainThread]: Connection:
[0m17:41:39.701975 [info ] [MainThread]:   host: localhost
[0m17:41:39.702539 [info ] [MainThread]:   port: 5433
[0m17:41:39.703261 [info ] [MainThread]:   user: postgres
[0m17:41:39.704203 [info ] [MainThread]:   database: hdx_dw
[0m17:41:39.704927 [info ] [MainThread]:   schema: public
[0m17:41:39.705886 [info ] [MainThread]:   connect_timeout: 10
[0m17:41:39.707085 [info ] [MainThread]:   role: None
[0m17:41:39.708133 [info ] [MainThread]:   search_path: None
[0m17:41:39.709185 [info ] [MainThread]:   keepalives_idle: 0
[0m17:41:39.709873 [info ] [MainThread]:   sslmode: None
[0m17:41:39.710601 [info ] [MainThread]:   sslcert: None
[0m17:41:39.711320 [info ] [MainThread]:   sslkey: None
[0m17:41:39.712005 [info ] [MainThread]:   sslrootcert: None
[0m17:41:39.712612 [info ] [MainThread]:   application_name: dbt
[0m17:41:39.713252 [info ] [MainThread]:   retries: 1
[0m17:41:39.714070 [info ] [MainThread]: Registered adapter: postgres=1.8.2
[0m17:41:39.719171 [debug] [MainThread]: Acquiring new postgres connection 'debug'
[0m17:41:39.884119 [debug] [MainThread]: Using postgres connection "debug"
[0m17:41:39.884594 [debug] [MainThread]: On debug: select 1 as id
[0m17:41:39.884947 [debug] [MainThread]: Opening a new connection, currently in state init
[0m17:41:40.004078 [debug] [MainThread]: SQL status: SELECT 1 in 0.119 seconds
[0m17:41:40.006446 [debug] [MainThread]: On debug: Close
[0m17:41:40.007544 [info ] [MainThread]:   Connection test: [[32mOK connection ok[0m]

[0m17:41:40.009479 [info ] [MainThread]: [31m1 check failed:[0m
[0m17:41:40.011483 [info ] [MainThread]: Project loading failed for the following reason:
 project path </home/laura/dev-wsl/hdx-dw/hdx_dbt/dbt_project.yml> not found

[0m17:41:40.014729 [debug] [MainThread]: Resource report: {"command_name": "debug", "command_wall_clock_time": 0.44675824, "process_user_time": 1.399477, "process_kernel_time": 0.397014, "process_mem_max_rss": "102900", "process_in_blocks": "2536", "process_out_blocks": "24", "command_success": false}
[0m17:41:40.016438 [debug] [MainThread]: Command `dbt debug` failed at 17:41:40.016134 after 0.45 seconds
[0m17:41:40.017903 [debug] [MainThread]: Connection 'debug' was properly closed.
[0m17:41:40.019265 [debug] [MainThread]: Sending event: {'category': 'dbt', 'action': 'invocation', 'label': 'end', 'context': [<snowplow_tracker.self_describing_json.SelfDescribingJson object at 0x7f510ca2fdd0>, <snowplow_tracker.self_describing_json.SelfDescribingJson object at 0x7f5108efba90>, <snowplow_tracker.self_describing_json.SelfDescribingJson object at 0x7f5108134c90>]}
[0m17:41:40.020056 [debug] [MainThread]: Flushing usage events
